<?xml version="1.0" encoding="UTF-8"?>
<!-- Generated by org.testng.reporters.JUnitReportReporter -->
<testsuite skipped="0" hostname="hp-PC" name="com.tdbank.qa.testcases.OnlineLoginTest" tests="1" failures="0" timestamp="08 Dec 2018 16:41:39 GMT" time="2.581" errors="0">
  <testcase name="enterLoginTest" time="2.581" classname="com.tdbank.qa.testcases.OnlineLoginTest"/>
</testsuite> <!-- com.tdbank.qa.testcases.OnlineLoginTest -->
