<?xml version="1.0" encoding="UTF-8"?>
<!-- Generated by org.testng.reporters.JUnitReportReporter -->
<testsuite skipped="0" hostname="hp-PC" name="com.tdbank.qa.testcases.HomePageTest" tests="4" failures="0" timestamp="20 Dec 2018 04:59:54 GMT" time="53.478" errors="0">
  <testcase name="validateTitleTest" time="8.453" classname="com.tdbank.qa.testcases.HomePageTest"/>
  <testcase name="welcomeTextVarificationTest" time="9.243" classname="com.tdbank.qa.testcases.HomePageTest"/>
  <testcase name="validateLogoTest" time="10.023" classname="com.tdbank.qa.testcases.HomePageTest"/>
  <testcase name="TDBankLoginClick" time="25.759" classname="com.tdbank.qa.testcases.HomePageTest"/>
</testsuite> <!-- com.tdbank.qa.testcases.HomePageTest -->
