<?xml version="1.0" encoding="UTF-8"?>
<!-- Generated by org.testng.reporters.JUnitReportReporter -->
<testsuite skipped="0" hostname="hp-PC" name="com.tdbank.qa.testcases.LoginPageTest" tests="1" failures="0" timestamp="08 Dec 2018 07:18:20 GMT" time="22.329" errors="0">
  <testcase name="verifyOnlineBankTextTest" time="22.329" classname="com.tdbank.qa.testcases.LoginPageTest"/>
</testsuite> <!-- com.tdbank.qa.testcases.LoginPageTest -->
